2010-01-13 14:27:00 - LastReplay.rep was modified - proceeding to scan...
2010-01-13 14:27:00 - Found no hacks in 'LastReplay.rep.'
2010-01-13 14:28:21 - LastReplay.rep was modified - proceeding to scan...
2010-01-13 14:28:21 - Found no hacks in 'LastReplay.rep.'
2010-01-14 10:08:33 - LastReplay.rep was modified - proceeding to scan...
2010-01-14 10:08:33 - Found 1 hack in LastReplay.rep:
    DRAGON-PLAYER used multicommand unit control hack at iteration 15
2010-01-14 10:08:54 - LastReplay.rep was modified - proceeding to scan...
2010-01-14 10:08:54 - Found 1 hack in LastReplay.rep:
    son_of_vn used autogather/autotrain hack at iteration 5
2010-01-14 10:09:07 - LastReplay.rep was modified - proceeding to scan...
2010-01-14 10:09:08 - Found no hacks in 'LastReplay.rep.'
2010-01-14 10:09:19 - LastReplay.rep was modified - proceeding to scan...
2010-01-14 10:09:19 - Found no hacks in 'LastReplay.rep.'
2010-01-14 10:09:27 - LastReplay.rep was modified - proceeding to scan...
2010-01-14 10:09:27 - Found no hacks in 'LastReplay.rep.'
2010-02-01 07:45:21 - LastReplay.rep was modified - proceeding to scan...
2010-02-01 07:45:21 - Found 1 hack in LastReplay.rep:
    LasTSaMouRai used autogather/autotrain hack at iteration 5
2010-02-01 07:45:23 - Sending hacker report...
2010-02-01 07:45:23 - Sending hacker report succeeded.
2010-02-01 07:47:59 - LastReplay.rep was modified - proceeding to scan...
2010-02-01 07:47:59 - Found 126 hacks in LastReplay.rep:
    LasTSaMouRai used autogather/autotrain hack at iteration 5
    LasTSaMouRai used multicommand hack at iteration 10735
    LasTSaMouRai used multicommand hack at iteration 10740
    LasTSaMouRai used multicommand hack at iteration 10745
    LasTSaMouRai used multicommand hack at iteration 10750
    LasTSaMouRai used multicommand hack at iteration 10755
    LasTSaMouRai used multicommand unit control hack at iteration 12135
    LasTSaMouRai used multicommand unit control hack at iteration 12475
    LasTSaMouRai used multicommand unit control hack at iteration 12520
    LasTSaMouRai used multicommand unit control hack at iteration 12765
    LasTSaMouRai used multicommand unit control hack at iteration 12920
    LasTSaMouRai used multicommand unit control hack at iteration 12920
    LasTSaMouRai used multicommand unit control hack at iteration 12920
    LasTSaMouRai used multicommand unit control hack at iteration 13255
    LasTSaMouRai used multicommand unit control hack at iteration 13255
    LasTSaMouRai used multicommand unit control hack at iteration 13870
    LasTSaMouRai used multicommand unit control hack at iteration 13870
    LasTSaMouRai used multicommand unit control hack at iteration 14165
    LasTSaMouRai used multicommand unit control hack at iteration 14165
    LasTSaMouRai used multicommand unit control hack at iteration 14165
    LasTSaMouRai used multicommand unit control hack at iteration 14165
    LasTSaMouRai used multicommand unit control hack at iteration 14165
    LasTSaMouRai used multicommand unit control hack at iteration 14165
    LasTSaMouRai used multicommand unit control hack at iteration 14775
    LasTSaMouRai used multicommand unit control hack at iteration 14775
    LasTSaMouRai used multicommand unit control hack at iteration 14775
    LasTSaMouRai used multicommand unit control hack at iteration 14775
    LasTSaMouRai used multicommand unit control hack at iteration 14775
    LasTSaMouRai used multicommand unit control hack at iteration 14895
    LasTSaMouRai used multicommand unit control hack at iteration 14895
    LasTSaMouRai used multicommand unit control hack at iteration 14895
    LasTSaMouRai used multicommand unit control hack at iteration 14895
    LasTSaMouRai used multicommand unit control hack at iteration 14895
    LasTSaMouRai used multicommand unit control hack at iteration 14895
    LasTSaMouRai used multicommand unit control hack at iteration 15130
    LasTSaMouRai used multicommand unit control hack at iteration 15130
    LasTSaMouRai used multicommand unit control hack at iteration 15130
    LasTSaMouRai used multicommand unit control hack at iteration 15130
    LasTSaMouRai used multicommand unit control hack at iteration 15130
    LasTSaMouRai used multicommand unit control hack at iteration 15270
    LasTSaMouRai used multicommand unit control hack at iteration 15270
    LasTSaMouRai used multicommand unit control hack at iteration 15270
    LasTSaMouRai used multicommand unit control hack at iteration 15270
    LasTSaMouRai used multicommand unit control hack at iteration 15455
    LasTSaMouRai used multicommand unit control hack at iteration 15455
    LasTSaMouRai used multicommand unit control hack at iteration 15455
    LasTSaMouRai used multicommand unit control hack at iteration 15455
    LasTSaMouRai used multicommand unit control hack at iteration 15455
    LasTSaMouRai used multicommand unit control hack at iteration 15525
    LasTSaMouRai used multicommand unit control hack at iteration 15525
    LasTSaMouRai used multicommand unit control hack at iteration 15525
    LasTSaMouRai used multicommand unit control hack at iteration 15525
    LasTSaMouRai used multicommand unit control hack at iteration 15855
    LasTSaMouRai used multicommand unit control hack at iteration 15855
    LasTSaMouRai used multicommand unit control hack at iteration 15855
    LasTSaMouRai used multicommand unit control hack at iteration 15855
    LasTSaMouRai used multicommand unit control hack at iteration 15855
    LasTSaMouRai used multicommand unit control hack at iteration 16360
    LasTSaMouRai used multicommand unit control hack at iteration 17005
    LasTSaMouRai used multicommand unit control hack at iteration 17005
    LasTSaMouRai used multicommand unit control hack at iteration 17005
    LasTSaMouRai used multicommand unit control hack at iteration 17005
    LasTSaMouRai used multicommand unit control hack at iteration 17005
    LasTSaMouRai used multicommand unit control hack at iteration 17005
    LasTSaMouRai used multicommand unit control hack at iteration 17005
    LasTSaMouRai used multicommand unit control hack at iteration 17005
    LasTSaMouRai used multicommand unit control hack at iteration 17315
    LasTSaMouRai used multicommand unit control hack at iteration 17315
    LasTSaMouRai used multicommand unit control hack at iteration 17315
    LasTSaMouRai used multicommand unit control hack at iteration 17315
    LasTSaMouRai used multicommand unit control hack at iteration 17315
    LasTSaMouRai used multicommand unit control hack at iteration 17315
    LasTSaMouRai used multicommand unit control hack at iteration 17315
    LasTSaMouRai used multicommand hack at iteration 17505
    LasTSaMouRai used multicommand hack at iteration 17505
    LasTSaMouRai used multicommand hack at iteration 17510
    LasTSaMouRai used multicommand hack at iteration 17515
    LasTSaMouRai used multicommand hack at iteration 17520
    LasTSaMouRai used multicommand hack at iteration 17525
    LasTSaMouRai used multicommand unit control hack at iteration 17790
    LasTSaMouRai used multicommand unit control hack at iteration 17790
    LasTSaMouRai used multicommand unit control hack at iteration 17790
    LasTSaMouRai used multicommand unit control hack at iteration 17790
    LasTSaMouRai used multicommand unit control hack at iteration 17970
    LasTSaMouRai used multicommand unit control hack at iteration 17970
    LasTSaMouRai used multicommand unit control hack at iteration 17970
    LasTSaMouRai used multicommand unit control hack at iteration 18630
    LasTSaMouRai used multicommand unit control hack at iteration 18830
    LasTSaMouRai used multicommand unit control hack at iteration 19290
    LasTSaMouRai used multicommand unit control hack at iteration 19290
    LasTSaMouRai used multicommand unit control hack at iteration 19500
    LasTSaMouRai used multicommand unit control hack at iteration 19570
    LasTSaMouRai used multicommand unit control hack at iteration 19570
    LasTSaMouRai used multicommand unit control hack at iteration 19570
    LasTSaMouRai used multicommand unit control hack at iteration 19570
    LasTSaMouRai used multicommand unit control hack at iteration 19745
    LasTSaMouRai used multicommand unit control hack at iteration 19745
    LasTSaMouRai used multicommand unit control hack at iteration 19745
    LasTSaMouRai used multicommand unit control hack at iteration 19745
    LasTSaMouRai used multicommand unit control hack at iteration 19990
    LasTSaMouRai used multicommand unit control hack at iteration 19990
    LasTSaMouRai used multicommand unit control hack at iteration 19990
    LasTSaMouRai used multicommand unit control hack at iteration 20635
    LasTSaMouRai used multicommand unit control hack at iteration 20635
    LasTSaMouRai used multicommand unit control hack at iteration 20635
    LasTSaMouRai used multicommand unit control hack at iteration 20635
    LasTSaMouRai used multicommand unit control hack at iteration 20635
    LasTSaMouRai used multicommand unit control hack at iteration 21100
    LasTSaMouRai used multicommand unit control hack at iteration 21100
    LasTSaMouRai used multicommand unit control hack at iteration 21100
    LasTSaMouRai used multicommand unit control hack at iteration 21190
    LasTSaMouRai used multicommand unit control hack at iteration 21190
    LasTSaMouRai used multicommand unit control hack at iteration 21205
    LasTSaMouRai used multicommand unit control hack at iteration 21205
    LasTSaMouRai used multicommand unit control hack at iteration 21910
    LasTSaMouRai used multicommand unit control hack at iteration 21910
    LasTSaMouRai used multicommand unit control hack at iteration 21950
    LasTSaMouRai used multicommand unit control hack at iteration 21950
    LasTSaMouRai used multicommand unit control hack at iteration 22050
    LasTSaMouRai used multicommand unit control hack at iteration 22050
    LasTSaMouRai used multicommand unit control hack at iteration 22110
    LasTSaMouRai used multicommand unit control hack at iteration 22110
    LasTSaMouRai used multicommand unit control hack at iteration 22110
    LasTSaMouRai used multicommand unit control hack at iteration 22110
    LasTSaMouRai used multicommand unit control hack at iteration 22685
    LasTSaMouRai used multicommand unit control hack at iteration 22790
2010-02-01 07:48:02 - Sending hacker report...
2010-02-01 07:48:02 - Sending hacker report succeeded.
