

2010-01-08 13:58:15 - New PCX file detected - proceeding to convert...
2010-01-08 13:58:15 - Converting 1 pcx file...
2010-01-08 13:58:15 - 't:\Starcraft\SCScrnShot_020109_230827.pcx' converted successfully.
2010-01-08 13:58:15 - Converting 1 pcx file done in 378 ms


2010-01-11 11:50:12 - Converting 54 pcx files...
2010-01-11 11:50:13 - 'T:\Starcraft\screenies\a.pcx' converted successfully.
2010-01-11 11:50:13 - 'T:\Starcraft\screenies\SCScrnShot_020109_230827.pcx' converted successfully.
2010-01-11 11:50:14 - 'T:\Starcraft\screenies\SCScrnShot_020109_230828.pcx' converted successfully.
2010-01-11 11:50:14 - 'T:\Starcraft\screenies\SCScrnShot_020109_230941.pcx' converted successfully.
2010-01-11 11:50:15 - 'T:\Starcraft\screenies\SCScrnShot_020109_230949.pcx' converted successfully.
2010-01-11 11:50:15 - 'T:\Starcraft\screenies\SCScrnShot_020109_230951.pcx' converted successfully.
2010-01-11 11:50:16 - 'T:\Starcraft\screenies\SCScrnShot_020109_230953.pcx' converted successfully.
2010-01-11 11:50:16 - 'T:\Starcraft\screenies\SCScrnShot_020109_230954.pcx' converted successfully.
2010-01-11 11:50:16 - 'T:\Starcraft\screenies\SCScrnShot_020109_230955.pcx' converted successfully.
2010-01-11 11:50:16 - 'T:\Starcraft\screenies\SCScrnShot_020109_230957.pcx' converted successfully.
2010-01-11 11:50:17 - 'T:\Starcraft\screenies\SCScrnShot_020109_230958.pcx' converted successfully.
2010-01-11 11:50:17 - 'T:\Starcraft\screenies\SCScrnShot_020109_230959.pcx' converted successfully.
2010-01-11 11:50:17 - 'T:\Starcraft\screenies\SCScrnShot_020109_231000.pcx' converted successfully.
2010-01-11 11:50:18 - 'T:\Starcraft\screenies\SCScrnShot_020109_231113.pcx' converted successfully.
2010-01-11 11:50:18 - 'T:\Starcraft\screenies\SCScrnShot_020109_231120.pcx' converted successfully.
2010-01-11 11:50:18 - 'T:\Starcraft\screenies\SCScrnShot_020109_231121.pcx' converted successfully.
2010-01-11 11:50:19 - 'T:\Starcraft\screenies\SCScrnShot_020109_231122.pcx' converted successfully.
2010-01-11 11:50:19 - 'T:\Starcraft\screenies\SCScrnShot_020109_231124.pcx' converted successfully.
2010-01-11 11:50:19 - 'T:\Starcraft\screenies\SCScrnShot_020109_231125.pcx' converted successfully.
2010-01-11 11:50:19 - 'T:\Starcraft\screenies\SCScrnShot_020109_231127.pcx' converted successfully.
2010-01-11 11:50:19 - 'T:\Starcraft\screenies\SCScrnShot_020109_231128.pcx' converted successfully.
2010-01-11 11:50:19 - 'T:\Starcraft\screenies\SCScrnShot_020109_231129.pcx' converted successfully.
2010-01-11 11:50:20 - 'T:\Starcraft\screenies\SCScrnShot_020109_231130.pcx' converted successfully.
2010-01-11 11:50:20 - 'T:\Starcraft\screenies\SCScrnShot_020109_231131.pcx' converted successfully.
2010-01-11 11:50:20 - 'T:\Starcraft\screenies\SCScrnShot_020109_231133.pcx' converted successfully.
2010-01-11 11:50:21 - 'T:\Starcraft\screenies\SCScrnShot_020109_231134.pcx' converted successfully.
2010-01-11 11:50:22 - 'T:\Starcraft\screenies\SCScrnShot_020109_231135.pcx' converted successfully.
2010-01-11 11:50:22 - 'T:\Starcraft\screenies\SCScrnShot_020109_231259.pcx' converted successfully.
2010-01-11 11:50:22 - 'T:\Starcraft\screenies\SCScrnShot_020109_231300.pcx' converted successfully.
2010-01-11 11:50:23 - 'T:\Starcraft\screenies\SCScrnShot_020109_231321.pcx' converted successfully.
2010-01-11 11:50:23 - 'T:\Starcraft\screenies\SCScrnShot_020109_231323.pcx' converted successfully.
2010-01-11 11:50:24 - 'T:\Starcraft\screenies\SCScrnShot_020109_231330.pcx' converted successfully.
2010-01-11 11:50:24 - 'T:\Starcraft\screenies\SCScrnShot_020109_231331.pcx' converted successfully.
2010-01-11 11:50:25 - 'T:\Starcraft\screenies\SCScrnShot_020109_231332.pcx' converted successfully.
2010-01-11 11:50:26 - 'T:\Starcraft\screenies\SCScrnShot_020109_231333.pcx' converted successfully.
2010-01-11 11:50:26 - 'T:\Starcraft\screenies\SCScrnShot_020109_231334.pcx' converted successfully.
2010-01-11 11:50:27 - 'T:\Starcraft\screenies\SCScrnShot_020109_231335.pcx' converted successfully.
2010-01-11 11:50:28 - 'T:\Starcraft\screenies\SCScrnShot_020109_231336.pcx' converted successfully.
2010-01-11 11:50:28 - 'T:\Starcraft\screenies\SCScrnShot_020109_231337.pcx' converted successfully.
2010-01-11 11:50:29 - 'T:\Starcraft\screenies\SCScrnShot_020109_231338.pcx' converted successfully.
2010-01-11 11:50:29 - 'T:\Starcraft\screenies\SCScrnShot_020109_231340.pcx' converted successfully.
2010-01-11 11:50:30 - 'T:\Starcraft\screenies\SCScrnShot_020109_231341.pcx' converted successfully.
2010-01-11 11:50:30 - 'T:\Starcraft\screenies\SCScrnShot_020109_231342.pcx' converted successfully.
2010-01-11 11:50:31 - 'T:\Starcraft\screenies\SCScrnShot_020109_231343.pcx' converted successfully.
2010-01-11 11:50:32 - 'T:\Starcraft\screenies\SCScrnShot_020109_231351.pcx' converted successfully.
2010-01-11 11:50:33 - 'T:\Starcraft\screenies\SCScrnShot_020109_231418.pcx' converted successfully.
2010-01-11 11:50:34 - 'T:\Starcraft\screenies\SCScrnShot_020109_231419.pcx' converted successfully.
2010-01-11 11:50:34 - 'T:\Starcraft\screenies\SCScrnShot_020109_231440.pcx' converted successfully.
2010-01-11 11:50:35 - 'T:\Starcraft\screenies\SCScrnShot_020109_231442.pcx' converted successfully.
2010-01-11 11:50:36 - 'T:\Starcraft\screenies\SCScrnShot_020109_231443.pcx' converted successfully.
2010-01-11 11:50:36 - 'T:\Starcraft\screenies\SCScrnShot_020109_231444.pcx' converted successfully.
2010-01-11 11:50:37 - 'T:\Starcraft\screenies\SCScrnShot_070108_221744.pcx' converted successfully.
2010-01-11 11:50:37 - 'T:\Starcraft\screenies\SCScrnShot_070108_221754.pcx' converted successfully.
2010-01-11 11:50:38 - 'T:\Starcraft\screenies\SCScrnShot_070108_221756.pcx' converted successfully.
2010-01-11 11:50:38 - Converting 54 pcx files done in 25 sec 568 ms


2010-01-13 14:22:08 - Converting 1 pcx file...
2010-01-13 14:22:08 - 'T:\Starcraft\screenies\lobby\SCScrnShot_011310_142145.pcx' converted successfully.
2010-01-13 14:22:08 - Converting 1 pcx file done in 469 ms


2010-01-13 14:22:29 - Converting 1 pcx file...
2010-01-13 14:22:29 - 'T:\Starcraft\screenies\lobby\SCScrnShot_011310_142145.pcx' converted successfully.
2010-01-13 14:22:29 - Converting 1 pcx file done in 698 ms


2010-01-13 14:39:29 - Converting 1 pcx file...
2010-01-13 14:39:30 - 'T:\Starcraft\screenies\lobby\SCScrnShot_011310_143908.pcx' converted successfully.
2010-01-13 14:39:30 - Converting 1 pcx file done in 729 ms


2010-01-14 07:30:13 - New PCX file detected - proceeding to convert...
2010-01-14 07:30:13 - Converting 1 pcx file...
2010-01-14 07:30:14 - 'i:\other\Starcraft 1.16.1.1\SCScrnShot_011410_073012.pcx' converted successfully.
2010-01-14 07:30:14 - Converting 1 pcx file done in 734 ms
